0 verbose cli C:\Program Files\nodejs\node.exe C:\Program Files\nodejs\node_global\node_modules\npm\bin\npm-cli.js
1 info using npm@11.11.1
2 info using node@v22.15.0
3 silly config load:file:C:\Program Files\nodejs\node_global\node_modules\npm\npmrc
4 silly config load:file:C:\Users\yan85\OneDrive\Documents\IMPLEMENTING AI-DRIVEN ADAPTATION IN DIGITAL EDUCATION\.npmrc
5 silly config load:file:C:\Users\yan85\.npmrc
6 silly config load:file:C:\Program Files\nodejs\node_global\etc\npmrc
7 verbose title npm exec { chromium } = require('playwright'); console.log('playwright-ok', Boolean(chromium));
8 verbose argv "exec" "--yes" "--package" "playwright" "--call" "node -e const" "{" "chromium" "}" "=" "require('playwright');" "console.log('playwright-ok'," "Boolean(chromium));"
9 verbose logfile logs-max:10 dir:C:\Users\yan85\OneDrive\Documents\IMPLEMENTING AI-DRIVEN ADAPTATION IN DIGITAL EDUCATION\.npm-cache\_logs\2026-06-08T21_56_51_455Z-
10 verbose logfile C:\Users\yan85\OneDrive\Documents\IMPLEMENTING AI-DRIVEN ADAPTATION IN DIGITAL EDUCATION\.npm-cache\_logs\2026-06-08T21_56_51_455Z-debug-0.log
11 silly logfile done cleaning log files
12 verbose stack Error: 
12 verbose stack Run a command from a local or remote npm package
12 verbose stack
12 verbose stack Usage:
12 verbose stack npm exec -- <pkg>[@<version>] [args...]
12 verbose stack npm exec --package=<pkg>[@<version>] -- <cmd> [args...]
12 verbose stack npm exec -c '<cmd> [args...]'
12 verbose stack npm exec --package=foo -c '<cmd> [args...]'
12 verbose stack
12 verbose stack Options:
12 verbose stack [--package <package-spec> [--package <package-spec> ...]] [-c|--call <call>]
12 verbose stack [-w|--workspace <workspace-name> [-w|--workspace <workspace-name> ...]]
12 verbose stack [--workspaces] [--include-workspace-root]
12 verbose stack
12 verbose stack   --package
12 verbose stack     The package or packages to install for [`npm exec`](/commands/npm-exec)
12 verbose stack
12 verbose stack   -c|--call
12 verbose stack     Optional companion option for `npm exec`, `npx` that allows for
12 verbose stack
12 verbose stack   -w|--workspace
12 verbose stack     Enable running a command in the context of the configured workspaces of the
12 verbose stack
12 verbose stack   --workspaces
12 verbose stack     Set to true to run the command in the context of **all** configured
12 verbose stack
12 verbose stack   --include-workspace-root
12 verbose stack     Include the workspace root when workspaces are enabled for a command.
12 verbose stack
12 verbose stack
12 verbose stack alias: x
12 verbose stack
12 verbose stack Run "npm help exec" for more info
12 verbose stack     at Exec.usageError (C:\Program Files\nodejs\node_global\node_modules\npm\lib\base-cmd.js:177:26)
12 verbose stack     at Exec.callExec (C:\Program Files\nodejs\node_global\node_modules\npm\lib\commands\exec.js:74:18)
12 verbose stack     at Exec.exec (C:\Program Files\nodejs\node_global\node_modules\npm\lib\commands\exec.js:28:17)
12 verbose stack     at C:\Program Files\nodejs\node_global\node_modules\npm\lib\npm.js:308:81
12 verbose stack     at Object.start (C:\Program Files\nodejs\node_global\node_modules\npm\node_modules\proc-log\lib\index.js:101:21)
12 verbose stack     at Npm.execCommandClass (C:\Program Files\nodejs\node_global\node_modules\npm\lib\npm.js:307:19)
12 verbose stack     at async Npm.exec (C:\Program Files\nodejs\node_global\node_modules\npm\lib\npm.js:193:9)
12 verbose stack     at async module.exports (C:\Program Files\nodejs\node_global\node_modules\npm\lib\cli\entry.js:67:5)
13 error code EUSAGE
14 error
14 error Run a command from a local or remote npm package
14 error
14 error Usage:
14 error npm exec -- <pkg>[@<version>] [args...]
14 error npm exec --package=<pkg>[@<version>] -- <cmd> [args...]
14 error npm exec -c '<cmd> [args...]'
14 error npm exec --package=foo -c '<cmd> [args...]'
14 error
14 error Options:
14 error [--package <package-spec> [--package <package-spec> ...]] [-c|--call <call>]
14 error [-w|--workspace <workspace-name> [-w|--workspace <workspace-name> ...]]
14 error [--workspaces] [--include-workspace-root]
14 error
14 error   --package
14 error     The package or packages to install for [`npm exec`](/commands/npm-exec)
14 error
14 error   -c|--call
14 error     Optional companion option for `npm exec`, `npx` that allows for
14 error
14 error   -w|--workspace
14 error     Enable running a command in the context of the configured workspaces of the
14 error
14 error   --workspaces
14 error     Set to true to run the command in the context of **all** configured
14 error
14 error   --include-workspace-root
14 error     Include the workspace root when workspaces are enabled for a command.
14 error
14 error
14 error alias: x
14 error
14 error Run "npm help exec" for more info
15 verbose cwd C:\Users\yan85\OneDrive\Documents\IMPLEMENTING AI-DRIVEN ADAPTATION IN DIGITAL EDUCATION
16 verbose os Windows_NT 10.0.26200
17 verbose node v22.15.0
18 verbose npm  v11.11.1
19 verbose exit 1
20 verbose code 1
21 error A complete log of this run can be found in: C:\Users\yan85\OneDrive\Documents\IMPLEMENTING AI-DRIVEN ADAPTATION IN DIGITAL EDUCATION\.npm-cache\_logs\2026-06-08T21_56_51_455Z-debug-0.log
