0 verbose cli C:\Program Files\nodejs\node.exe C:\Program Files\nodejs\node_global\node_modules\npm\bin\npm-cli.js
1 info using npm@11.11.1
2 info using node@v22.15.0
3 silly config load:file:C:\Program Files\nodejs\node_global\node_modules\npm\npmrc
4 silly config load:file:C:\Users\yan85\OneDrive\Documents\IMPLEMENTING AI-DRIVEN ADAPTATION IN DIGITAL EDUCATION Copy\frontend\.npmrc
5 silly config load:file:C:\Users\yan85\.npmrc
6 silly config load:file:C:\Program Files\nodejs\node_global\etc\npmrc
7 verbose title npm exec playwright install chromium
8 verbose argv "exec" "--" "playwright" "install" "chromium"
9 verbose logfile logs-max:10 dir:C:\Users\yan85\OneDrive\Documents\IMPLEMENTING AI-DRIVEN ADAPTATION IN DIGITAL EDUCATION Copy\.npm-cache\_logs\2026-06-17T13_42_20_901Z-
10 verbose logfile C:\Users\yan85\OneDrive\Documents\IMPLEMENTING AI-DRIVEN ADAPTATION IN DIGITAL EDUCATION Copy\.npm-cache\_logs\2026-06-17T13_42_20_901Z-debug-0.log
11 silly logfile done cleaning log files
12 silly packumentCache heap:4345298944 maxSize:1086324736 maxEntrySize:543162368
13 http fetch GET 200 https://registry.npmjs.org/playwright 358ms (cache revalidated)
14 silly packumentCache heap:4345298944 maxSize:1086324736 maxEntrySize:543162368
15 silly packumentCache heap:4345298944 maxSize:1086324736 maxEntrySize:543162368
16 verbose cwd C:\Users\yan85\OneDrive\Documents\IMPLEMENTING AI-DRIVEN ADAPTATION IN DIGITAL EDUCATION Copy\frontend
17 verbose os Windows_NT 10.0.26200
18 verbose node v22.15.0
19 verbose npm  v11.11.1
20 verbose exit 0
21 info ok
