0 verbose cli C:\Program Files\nodejs\node.exe C:\Program Files\nodejs\node_global\node_modules\npm\bin\npm-cli.js
1 info using npm@11.11.1
2 info using node@v22.15.0
3 silly config load:file:C:\Program Files\nodejs\node_global\node_modules\npm\npmrc
4 silly config load:file:C:\Users\yan85\OneDrive\Documents\IMPLEMENTING AI-DRIVEN ADAPTATION IN DIGITAL EDUCATION\output\playwright-runtime\.npmrc
5 silly config load:file:C:\Users\yan85\.npmrc
6 silly config load:file:C:\Program Files\nodejs\node_global\etc\npmrc
7 verbose title npm install playwright
8 verbose argv "install" "playwright"
9 verbose logfile logs-max:10 dir:C:\Users\yan85\OneDrive\Documents\IMPLEMENTING AI-DRIVEN ADAPTATION IN DIGITAL EDUCATION\.npm-cache\_logs\2026-06-08T21_57_49_676Z-
10 verbose logfile C:\Users\yan85\OneDrive\Documents\IMPLEMENTING AI-DRIVEN ADAPTATION IN DIGITAL EDUCATION\.npm-cache\_logs\2026-06-08T21_57_49_676Z-debug-0.log
11 silly logfile done cleaning log files
12 silly packumentCache heap:4345298944 maxSize:1086324736 maxEntrySize:543162368
13 silly idealTree buildDeps
14 silly fetch manifest playwright@*
15 silly packumentCache full:https://registry.npmjs.org/playwright cache-miss
16 http cache https://registry.npmjs.org/playwright 77ms (cache hit)
17 silly packumentCache full:https://registry.npmjs.org/playwright set size:16336331 disposed:false
18 silly placeDep ROOT playwright@1.60.0 OK for: playwright-runtime@1.0.0 want: *
19 silly fetch manifest playwright-core@1.60.0
20 silly packumentCache full:https://registry.npmjs.org/playwright-core cache-miss
21 silly fetch manifest fsevents@2.3.2
22 silly packumentCache full:https://registry.npmjs.org/fsevents cache-miss
23 http cache https://registry.npmjs.org/fsevents 17ms (cache hit)
24 silly packumentCache full:https://registry.npmjs.org/fsevents set size:182472 disposed:false
25 http cache https://registry.npmjs.org/playwright-core 80ms (cache hit)
26 silly packumentCache full:https://registry.npmjs.org/playwright-core set size:18083457 disposed:false
27 silly placeDep ROOT fsevents@2.3.2 OK for: playwright@1.60.0 want: 2.3.2
28 silly placeDep ROOT playwright-core@1.60.0 OK for: playwright@1.60.0 want: 1.60.0
29 silly reify moves {}
30 silly audit bulk request {
30 silly audit   playwright: [ '1.60.0' ],
30 silly audit   fsevents: [ '2.3.2' ],
30 silly audit   'playwright-core': [ '1.60.0' ]
30 silly audit }
31 http cache playwright-core@https://registry.npmjs.org/playwright-core/-/playwright-core-1.60.0.tgz 0ms (cache hit)
32 http cache playwright@https://registry.npmjs.org/playwright/-/playwright-1.60.0.tgz 0ms (cache hit)
33 http fetch POST 200 https://registry.npmjs.org/-/npm/v1/security/advisories/bulk 813ms
34 silly audit report {}
35 silly ADD node_modules/playwright-core
36 silly ADD node_modules/playwright
37 verbose cwd C:\Users\yan85\OneDrive\Documents\IMPLEMENTING AI-DRIVEN ADAPTATION IN DIGITAL EDUCATION\output\playwright-runtime
38 verbose os Windows_NT 10.0.26200
39 verbose node v22.15.0
40 verbose npm  v11.11.1
41 verbose exit 0
42 info ok
